<?xml version="1.0" encoding="UTF-8"?>
<!-- Generated by org.testng.reporters.JUnitReportReporter -->
<testsuite hostname="Mukeshs-MacBook-Air.local" failures="0" tests="2" name="com.ots.testcases.LoginTest" time="19.991" errors="0" timestamp="2024-07-05T08:36:14 IST" skipped="0">
  <testcase classname="com.ots.testcases.LoginTest" name="verifyNewUserLink" time="7.417"/>
  <testcase classname="com.ots.testcases.LoginTest" name="validLogin" time="12.574"/>
</testsuite> <!-- com.ots.testcases.LoginTest -->
