<?xml version="1.0" encoding="UTF-8"?>
<!-- Generated by org.testng.reporters.JUnitReportReporter -->
<testsuite hostname="TEJA_MSD" failures="0" tests="2" name="com.ots.testdata.logintest" time="8.218" errors="0" timestamp="2024-07-25T09:34:21 IST" skipped="0">
  <testcase classname="com.ots.testdata.logintest" name="validlogin" time="5.037"/>
  <system-out/>
  <testcase classname="com.ots.testdata.logintest" name="verifylink" time="3.181"/>
  <system-out/>
</testsuite> <!-- com.ots.testdata.logintest -->
