<?xml version="1.0" encoding="UTF-8"?>
<!-- Generated by org.testng.reporters.JUnitReportReporter -->
<testsuite hostname="TEJA_MSD" failures="0" tests="2" name="com.ots.testdata.logintest" time="8.552" errors="0" timestamp="2024-07-25T13:44:40 IST" skipped="0">
  <testcase classname="com.ots.testdata.logintest" name="verifylink" time="3.038"/>
  <testcase classname="com.ots.testdata.logintest" name="validlogin" time="5.514"/>
</testsuite> <!-- com.ots.testdata.logintest -->
